# JRE version: Java(TM) SE Runtime Environment (8.0_31-b13) (build 1.8.0_31-b13)
# Java VM: Java HotSpot(TM) Client VM (25.31-b07 mixed mode windows-x86 )
Heap:
 def new generation   total 4928K, used 512K [0x04c00000, 0x05150000, 0x0a150000)
  eden space 4416K,   0% used [0x04c00000, 0x04c00000, 0x05050000)
  from space 512K, 100% used [0x05050000, 0x050d0000, 0x050d0000)
  to   space 512K,   0% used [0x050d0000, 0x050d0000, 0x05150000)
 tenured generation   total 11924K, used 11920K [0x0a150000, 0x0acf5000, 0x14c00000)
   the space 11924K,  99% used [0x0a150000, 0x0acf4038, 0x0acf4200, 0x0acf5000)
 Metaspace       used 7330K, capacity 7684K, committed 7808K, reserved 9600K
GC Heap History (10 events):
Event: 0.259 GC heap after
Heap after GC invocations=1 (full 0):
 def new generation   total 4928K, used 512K [0x04c00000, 0x05150000, 0x0a150000)
  eden space 4416K,   0% used [0x04c00000, 0x04c00000, 0x05050000)
  from space 512K, 100% used [0x050d0000, 0x05150000, 0x05150000)
  to   space 512K,   0% used [0x05050000, 0x05050000, 0x050d0000)
 tenured generation   total 10944K, used 269K [0x0a150000, 0x0ac00000, 0x14c00000)
   the space 10944K,   2% used [0x0a150000, 0x0a193698, 0x0a193800, 0x0ac00000)
 Metaspace       used 3208K, capacity 3364K, committed 3392K, reserved 4480K
}
Event: 0.318 GC heap before
{Heap before GC invocations=1 (full 0):
 def new generation   total 4928K, used 4928K [0x04c00000, 0x05150000, 0x0a150000)
  eden space 4416K, 100% used [0x04c00000, 0x05050000, 0x05050000)
  from space 512K, 100% used [0x050d0000, 0x05150000, 0x05150000)
  to   space 512K,   0% used [0x05050000, 0x05050000, 0x050d0000)
 tenured generation   total 10944K, used 269K [0x0a150000, 0x0ac00000, 0x14c00000)
   the space 10944K,   2% used [0x0a150000, 0x0a193698, 0x0a193800, 0x0ac00000)
 Metaspace       used 4377K, capacity 4601K, committed 4736K, reserved 5504K
Event: 0.319 GC heap after
Heap after GC invocations=2 (full 0):
 def new generation   total 4928K, used 237K [0x04c00000, 0x05150000, 0x0a150000)
  eden space 4416K,   0% used [0x04c00000, 0x04c00000, 0x05050000)
  from space 512K,  46% used [0x05050000, 0x0508b5a8, 0x050d0000)
  to   space 512K,   0% used [0x050d0000, 0x050d0000, 0x05150000)
 tenured generation   total 10944K, used 1223K [0x0a150000, 0x0ac00000, 0x14c00000)
   the space 10944K,  11% used [0x0a150000, 0x0a281f08, 0x0a282000, 0x0ac00000)
 Metaspace       used 4377K, capacity 4601K, committed 4736K, reserved 5504K
}
Event: 0.421 GC heap before
{Heap before GC invocations=2 (full 0):
 def new generation   total 4928K, used 4653K [0x04c00000, 0x05150000, 0x0a150000)
  eden space 4416K, 100% used [0x04c00000, 0x05050000, 0x05050000)
  from space 512K,  46% used [0x05050000, 0x0508b5a8, 0x050d0000)
  to   space 512K,   0% used [0x050d0000, 0x050d0000, 0x05150000)
 tenured generation   total 10944K, used 7815K [0x0a150000, 0x0ac00000, 0x14c00000)
   the space 10944K,  71% used [0x0a150000, 0x0a8f1e48, 0x0a8f2000, 0x0ac00000)
 Metaspace       used 5724K, capacity 5941K, committed 6016K, reserved 6528K
Event: 0.422 GC heap after
Heap after GC invocations=3 (full 0):
 def new generation   total 4928K, used 501K [0x04c00000, 0x05150000, 0x0a150000)
  eden space 4416K,   0% used [0x04c00000, 0x04c00000, 0x05050000)
  from space 512K,  97% used [0x050d0000, 0x0514d688, 0x05150000)
  to   space 512K,   0% used [0x05050000, 0x05050000, 0x050d0000)
 tenured generation   total 10944K, used 7815K [0x0a150000, 0x0ac00000, 0x14c00000)
   the space 10944K,  71% used [0x0a150000, 0x0a8f1e48, 0x0a8f2000, 0x0ac00000)
 Metaspace       used 5724K, capacity 5941K, committed 6016K, reserved 6528K
}
Event: 0.475 GC heap before
{Heap before GC invocations=3 (full 0):
 def new generation   total 4928K, used 4917K [0x04c00000, 0x05150000, 0x0a150000)
  eden space 4416K, 100% used [0x04c00000, 0x05050000, 0x05050000)
  from space 512K,  97% used [0x050d0000, 0x0514d688, 0x05150000)
  to   space 512K,   0% used [0x05050000, 0x05050000, 0x050d0000)
 tenured generation   total 10944K, used 7815K [0x0a150000, 0x0ac00000, 0x14c00000)
   the space 10944K,  71% used [0x0a150000, 0x0a8f1e48, 0x0a8f2000, 0x0ac00000)
 Metaspace       used 6211K, capacity 6526K, committed 6528K, reserved 6528K
Event: 0.478 GC heap after
Heap after GC invocations=4 (full 0):
 def new generation   total 4928K, used 512K [0x04c00000, 0x05150000, 0x0a150000)
  eden space 4416K,   0% used [0x04c00000, 0x04c00000, 0x05050000)
  from space 512K, 100% used [0x05050000, 0x050d0000, 0x050d0000)
  to   space 512K,   0% used [0x050d0000, 0x050d0000, 0x05150000)
 tenured generation   total 10944K, used 9077K [0x0a150000, 0x0ac00000, 0x14c00000)
   the space 10944K,  82% used [0x0a150000, 0x0aa2d460, 0x0aa2d600, 0x0ac00000)
 Metaspace       used 6211K, capacity 6526K, committed 6528K, reserved 6528K
}
Event: 0.580 GC heap before
{Heap before GC invocations=4 (full 0):
 def new generation   total 4928K, used 4928K [0x04c00000, 0x05150000, 0x0a150000)
  eden space 4416K, 100% used [0x04c00000, 0x05050000, 0x05050000)
  from space 512K, 100% used [0x05050000, 0x050d0000, 0x050d0000)
  to   space 512K,   0% used [0x050d0000, 0x050d0000, 0x05150000)
 tenured generation   total 10944K, used 9077K [0x0a150000, 0x0ac00000, 0x14c00000)
   the space 10944K,  82% used [0x0a150000, 0x0aa2d460, 0x0aa2d600, 0x0ac00000)
 Metaspace       used 6809K, capacity 7177K, committed 7296K, reserved 7552K
Event: 0.583 GC heap after
Heap after GC invocations=5 (full 0):
 def new generation   total 4928K, used 512K [0x04c00000, 0x05150000, 0x0a150000)
  eden space 4416K,   0% used [0x04c00000, 0x04c00000, 0x05050000)
  from space 512K, 100% used [0x050d0000, 0x05150000, 0x05150000)
  to   space 512K,   0% used [0x05050000, 0x05050000, 0x050d0000)
 tenured generation   total 10944K, used 10107K [0x0a150000, 0x0ac00000, 0x14c00000)
   the space 10944K,  92% used [0x0a150000, 0x0ab2eeb8, 0x0ab2f000, 0x0ac00000)
 Metaspace       used 6809K, capacity 7177K, committed 7296K, reserved 7552K
}
Event: 0.696 GC heap before
{Heap before GC invocations=5 (full 0):
 def new generation   total 4928K, used 4928K [0x04c00000, 0x05150000, 0x0a150000)
  eden space 4416K, 100% used [0x04c00000, 0x05050000, 0x05050000)
  from space 512K, 100% used [0x050d0000, 0x05150000, 0x05150000)
  to   space 512K,   0% used [0x05050000, 0x05050000, 0x050d0000)
 tenured generation   total 10944K, used 10107K [0x0a150000, 0x0ac00000, 0x14c00000)
   the space 10944K,  92% used [0x0a150000, 0x0ab2eeb8, 0x0ab2f000, 0x0ac00000)
 Metaspace       used 7330K, capacity 7684K, committed 7808K, reserved 9600K

